<?xml version="1.0" encoding="UTF-8"?>
<!-- Generated by org.testng.reporters.JUnitXMLReporter -->
<testsuite ignored="0" hostname="WIN-2MGG63HQOPG" failures="0" tests="11" name="Test" time="1131.674" errors="0" timestamp="2023-11-12T23:42:58 PST">
  <testcase classname="com.mb.TestRunner.TestRunner" name="feature" time="6.337"/>
  <testcase classname="com.mb.TestRunner.TestRunner" name="feature" time="114.773"/>
  <testcase classname="com.mb.TestRunner.TestRunner" name="feature" time="44.194"/>
  <testcase classname="com.mb.TestRunner.TestRunner" name="feature" time="82.223"/>
  <testcase classname="com.mb.TestRunner.TestRunner" name="feature" time="0.035"/>
  <testcase classname="com.mb.TestRunner.TestRunner" name="feature" time="126.034"/>
  <testcase classname="com.mb.TestRunner.TestRunner" name="feature" time="252.953"/>
  <testcase classname="com.mb.TestRunner.TestRunner" name="feature" time="33.08"/>
  <testcase classname="com.mb.TestRunner.TestRunner" name="feature" time="70.128"/>
  <testcase classname="com.mb.TestRunner.TestRunner" name="feature" time="134.202"/>
  <testcase classname="com.mb.TestRunner.TestRunner" name="feature" time="267.467"/>
</testsuite> <!-- Test -->
